  Determining projects to restore...
  All projects are up-to-date for restore.
C:\Users\HP\DEPI\TasksSolution\ASP.NET Core\TaskDay02\Data\AppDbContext.cs(2,17): error CS0234: The type or namespace name 'EntityFrameworkCore' does not exist in the namespace 'Microsoft' (are you missing an assembly reference?) [C:\Users\HP\DEPI\TasksSolution\ASP.NET Core\TaskDay02\EFCoreTask.csproj]
C:\Users\HP\DEPI\TasksSolution\ASP.NET Core\TaskDay02\Data\AppDbContext.cs(6,33): error CS0246: The type or namespace name 'DbContext' could not be found (are you missing a using directive or an assembly reference?) [C:\Users\HP\DEPI\TasksSolution\ASP.NET Core\TaskDay02\EFCoreTask.csproj]
C:\Users\HP\DEPI\TasksSolution\ASP.NET Core\TaskDay02\Data\AppDbContext.cs(8,16): error CS0246: The type or namespace name 'DbSet<>' could not be found (are you missing a using directive or an assembly reference?) [C:\Users\HP\DEPI\TasksSolution\ASP.NET Core\TaskDay02\EFCoreTask.csproj]
C:\Users\HP\DEPI\TasksSolution\ASP.NET Core\TaskDay02\Data\AppDbContext.cs(9,16): error CS0246: The type or namespace name 'DbSet<>' could not be found (are you missing a using directive or an assembly reference?) [C:\Users\HP\DEPI\TasksSolution\ASP.NET Core\TaskDay02\EFCoreTask.csproj]
C:\Users\HP\DEPI\TasksSolution\ASP.NET Core\TaskDay02\Data\AppDbContext.cs(10,16): error CS0246: The type or namespace name 'DbSet<>' could not be found (are you missing a using directive or an assembly reference?) [C:\Users\HP\DEPI\TasksSolution\ASP.NET Core\TaskDay02\EFCoreTask.csproj]
C:\Users\HP\DEPI\TasksSolution\ASP.NET Core\TaskDay02\Data\AppDbContext.cs(11,16): error CS0246: The type or namespace name 'DbSet<>' could not be found (are you missing a using directive or an assembly reference?) [C:\Users\HP\DEPI\TasksSolution\ASP.NET Core\TaskDay02\EFCoreTask.csproj]
C:\Users\HP\DEPI\TasksSolution\ASP.NET Core\TaskDay02\Data\AppDbContext.cs(12,16): error CS0246: The type or namespace name 'DbSet<>' could not be found (are you missing a using directive or an assembly reference?) [C:\Users\HP\DEPI\TasksSolution\ASP.NET Core\TaskDay02\EFCoreTask.csproj]
C:\Users\HP\DEPI\TasksSolution\ASP.NET Core\TaskDay02\Data\AppDbContext.cs(14,47): error CS0246: The type or namespace name 'DbContextOptionsBuilder' could not be found (are you missing a using directive or an assembly reference?) [C:\Users\HP\DEPI\TasksSolution\ASP.NET Core\TaskDay02\EFCoreTask.csproj]
C:\Users\HP\DEPI\TasksSolution\ASP.NET Core\TaskDay02\Data\AppDbContext.cs(19,49): error CS0246: The type or namespace name 'ModelBuilder' could not be found (are you missing a using directive or an assembly reference?) [C:\Users\HP\DEPI\TasksSolution\ASP.NET Core\TaskDay02\EFCoreTask.csproj]

Build FAILED.

C:\Users\HP\DEPI\TasksSolution\ASP.NET Core\TaskDay02\Data\AppDbContext.cs(2,17): error CS0234: The type or namespace name 'EntityFrameworkCore' does not exist in the namespace 'Microsoft' (are you missing an assembly reference?) [C:\Users\HP\DEPI\TasksSolution\ASP.NET Core\TaskDay02\EFCoreTask.csproj]
C:\Users\HP\DEPI\TasksSolution\ASP.NET Core\TaskDay02\Data\AppDbContext.cs(6,33): error CS0246: The type or namespace name 'DbContext' could not be found (are you missing a using directive or an assembly reference?) [C:\Users\HP\DEPI\TasksSolution\ASP.NET Core\TaskDay02\EFCoreTask.csproj]
C:\Users\HP\DEPI\TasksSolution\ASP.NET Core\TaskDay02\Data\AppDbContext.cs(8,16): error CS0246: The type or namespace name 'DbSet<>' could not be found (are you missing a using directive or an assembly reference?) [C:\Users\HP\DEPI\TasksSolution\ASP.NET Core\TaskDay02\EFCoreTask.csproj]
C:\Users\HP\DEPI\TasksSolution\ASP.NET Core\TaskDay02\Data\AppDbContext.cs(9,16): error CS0246: The type or namespace name 'DbSet<>' could not be found (are you missing a using directive or an assembly reference?) [C:\Users\HP\DEPI\TasksSolution\ASP.NET Core\TaskDay02\EFCoreTask.csproj]
C:\Users\HP\DEPI\TasksSolution\ASP.NET Core\TaskDay02\Data\AppDbContext.cs(10,16): error CS0246: The type or namespace name 'DbSet<>' could not be found (are you missing a using directive or an assembly reference?) [C:\Users\HP\DEPI\TasksSolution\ASP.NET Core\TaskDay02\EFCoreTask.csproj]
C:\Users\HP\DEPI\TasksSolution\ASP.NET Core\TaskDay02\Data\AppDbContext.cs(11,16): error CS0246: The type or namespace name 'DbSet<>' could not be found (are you missing a using directive or an assembly reference?) [C:\Users\HP\DEPI\TasksSolution\ASP.NET Core\TaskDay02\EFCoreTask.csproj]
C:\Users\HP\DEPI\TasksSolution\ASP.NET Core\TaskDay02\Data\AppDbContext.cs(12,16): error CS0246: The type or namespace name 'DbSet<>' could not be found (are you missing a using directive or an assembly reference?) [C:\Users\HP\DEPI\TasksSolution\ASP.NET Core\TaskDay02\EFCoreTask.csproj]
C:\Users\HP\DEPI\TasksSolution\ASP.NET Core\TaskDay02\Data\AppDbContext.cs(14,47): error CS0246: The type or namespace name 'DbContextOptionsBuilder' could not be found (are you missing a using directive or an assembly reference?) [C:\Users\HP\DEPI\TasksSolution\ASP.NET Core\TaskDay02\EFCoreTask.csproj]
C:\Users\HP\DEPI\TasksSolution\ASP.NET Core\TaskDay02\Data\AppDbContext.cs(19,49): error CS0246: The type or namespace name 'ModelBuilder' could not be found (are you missing a using directive or an assembly reference?) [C:\Users\HP\DEPI\TasksSolution\ASP.NET Core\TaskDay02\EFCoreTask.csproj]
    0 Warning(s)
    9 Error(s)

Time Elapsed 00:00:01.38
